<?xml version="1.0" encoding="UTF-8"?>
<!-- Generated by org.testng.reporters.JUnitReportReporter -->
<testsuite hostname="Tri-kokne58" failures="0" tests="1" name="logout_module_verifyUN.Testclass_login_out_testNG" time="36.162" errors="0" timestamp="2022-11-23T20:30:34 IST" skipped="0">
  <testcase classname="logout_module_verifyUN.Testclass_login_out_testNG" name="verifyun" time="36.162"/>
  <system-out/>
</testsuite> <!-- logout_module_verifyUN.Testclass_login_out_testNG -->
